<?xml version="1.0" encoding="UTF-8"?>
<testsuite xmlns:xsi="http://www.w3.org/2001/XMLSchema-instance" xsi:noNamespaceSchemaLocation="https://maven.apache.org/surefire/maven-surefire-plugin/xsd/surefire-test-report.xsd" name="mathutils.module3.StatisticsServiceTest" time="0.076" tests="4" errors="0" skipped="0" failures="0">
  <properties>
[...]
</properties>
  <testcase name="testCalculateMean_NormalArray" classname="mathutils.module3.StatisticsServiceTest" time="0.004"/>
  <testcase name="testCalculateMean_SingleElementArray" classname="mathutils.module3.StatisticsServiceTest" time="0"/>
  <testcase name="testCalculateMin_NormalArray" classname="mathutils.module3.StatisticsServiceTest" time="0"/>
  <testcase name="testCalculateMax_NormalArray" classname="mathutils.module3.StatisticsServiceTest" time="0"/>
</testsuite>